Build started 6/6/2016 12:23:40 PM.
     1>Project "C:\Users\Belal\Downloads\Release-master (1)\Release-master\build\vs2012\steersim.vcxproj" on node 3 (Build target(s)).
     1>ClCompile:
         C:\Program Files (x86)\Microsoft Visual Studio 14.0\VC\bin\CL.exe /c /I..\..\steerlib\include /I..\..\steersim\include /I..\..\steersimlib\include /I..\..\external /I..\..\util\include /Zi /nologo /W4 /WX- /Ox /Oy- /D ENABLE_GUI /D ENABLE_GLFW /D NDEBUG /D WIN32 /D _WINDOWS /D _MBCS /GF /Gm- /EHsc /MD /GS /Gy /fp:precise /Zc:wchar_t /Zc:forScope /Zc:inline /Fo"obj\Release\steersim\\" /Fd"..\bin\steersim.pdb" /Gd /TP /analyze- /errorReport:prompt -std=c++0x -ggdb ..\..\steersim\src\Main.cpp
     1>cl : Command line warning D9002: ignoring unknown option '-std=c++0x'
     1>cl : Command line warning D9002: ignoring unknown option '-ggdb'
         Main.cpp
     1>c:\users\belal\downloads\release-master (1)\release-master\steerlib\include\util/GenericException.h(58): warning C4275: non dll-interface class 'std::exception' used as base for dll-interface class 'Util::GenericException'
         C:\Program Files (x86)\Microsoft Visual Studio 14.0\VC\include\vcruntime_exception.h(43): note: see declaration of 'std::exception'
         c:\users\belal\downloads\release-master (1)\release-master\steerlib\include\util/GenericException.h(57): note: see declaration of 'Util::GenericException'
     1>c:\users\belal\downloads\release-master (1)\release-master\steerlib\include\util/XMLParser.h(36): warning C4100: 'subRoot': unreferenced formal parameter
     1>c:\users\belal\downloads\release-master (1)\release-master\steerlib\include\util/XMLParser.h(36): warning C4100: 'tag': unreferenced formal parameter
     1>c:\users\belal\downloads\release-master (1)\release-master\steerlib\include\util/XMLParser.h(38): warning C4100: 'subRoot': unreferenced formal parameter
     1>c:\users\belal\downloads\release-master (1)\release-master\steerlib\include\util/XMLParser.h(38): warning C4100: 'tag': unreferenced formal parameter
     1>c:\users\belal\downloads\release-master (1)\release-master\steerlib\include\util/XMLParser.h(40): warning C4100: 'indentation': unreferenced formal parameter
     1>c:\users\belal\downloads\release-master (1)\release-master\steerlib\include\util/XMLParser.h(40): warning C4100: 'out': unreferenced formal parameter
     1>c:\users\belal\downloads\release-master (1)\release-master\steerlib\include\util/StateMachine.h(41): warning C4100: 'currentState': unreferenced formal parameter
     1>c:\users\belal\downloads\release-master (1)\release-master\steerlib\include\util/StateMachine.h(41): warning C4100: 'previousState': unreferenced formal parameter
     1>c:\users\belal\downloads\release-master (1)\release-master\steerlib\include\interfaces/ObstacleInterface.h(27): warning C4100: 'frameNumber': unreferenced formal parameter
     1>c:\users\belal\downloads\release-master (1)\release-master\steerlib\include\interfaces/ObstacleInterface.h(27): warning C4100: 'dt': unreferenced formal parameter
     1>c:\users\belal\downloads\release-master (1)\release-master\steerlib\include\interfaces/ObstacleInterface.h(27): warning C4100: 'timeStamp': unreferenced formal parameter
     1>c:\users\belal\downloads\release-master (1)\release-master\steerlib\include\testcaseio\TestCaseIOPrivate.h(96): warning C4100: 't': unreferenced formal parameter
     1>c:\users\belal\downloads\release-master (1)\release-master\steerlib\include\testcaseio\TestCaseIOPrivate.h(96): warning C4100: 'r': unreferenced formal parameter
     1>c:\users\belal\downloads\release-master (1)\release-master\steerlib\include\testcaseio\TestCaseIOPrivate.h(97): warning C4100: 'radius': unreferenced formal parameter
     1>c:\users\belal\downloads\release-master (1)\release-master\steerlib\include\testcaseio\TestCaseIOPrivate.h(97): warning C4100: 'p': unreferenced formal parameter
     1>c:\users\belal\downloads\release-master (1)\release-master\steerlib\include\testcaseio\TestCaseIOPrivate.h(98): warning C4100: 'radius': unreferenced formal parameter
     1>c:\users\belal\downloads\release-master (1)\release-master\steerlib\include\testcaseio\TestCaseIOPrivate.h(98): warning C4100: 'p': unreferenced formal parameter
     1>c:\users\belal\downloads\release-master (1)\release-master\steerlib\include\interfaces/AgentInterface.h(108): warning C4100: 'item': unreferenced formal parameter
     1>c:\users\belal\downloads\release-master (1)\release-master\steerlib\include\interfaces/AgentInterface.h(133): warning C4100: 'timeStamp': unreferenced formal parameter
     1>c:\users\belal\downloads\release-master (1)\release-master\steerlib\include\interfaces/AgentInterface.h(133): warning C4100: 'directiontToRightOfAgent': unreferenced formal parameter
     1>c:\users\belal\downloads\release-master (1)\release-master\steerlib\include\interfaces/ModuleInterface.h(106): warning C4100: 'agent': unreferenced formal parameter
     1>c:\users\belal\downloads\release-master (1)\release-master\steerlib\include\interfaces/ModuleInterface.h(122): warning C4100: 'frameNumber': unreferenced formal parameter
     1>c:\users\belal\downloads\release-master (1)\release-master\steerlib\include\interfaces/ModuleInterface.h(122): warning C4100: 'dt': unreferenced formal parameter
     1>c:\users\belal\downloads\release-master (1)\release-master\steerlib\include\interfaces/ModuleInterface.h(122): warning C4100: 'timeStamp': unreferenced formal parameter
     1>c:\users\belal\downloads\release-master (1)\release-master\steerlib\include\interfaces/ModuleInterface.h(124): warning C4100: 'frameNumber': unreferenced formal parameter
     1>c:\users\belal\downloads\release-master (1)\release-master\steerlib\include\interfaces/ModuleInterface.h(124): warning C4100: 'dt': unreferenced formal parameter
     1>c:\users\belal\downloads\release-master (1)\release-master\steerlib\include\interfaces/ModuleInterface.h(124): warning C4100: 'timeStamp': unreferenced formal parameter
     1>c:\users\belal\downloads\release-master (1)\release-master\steerlib\include\interfaces/ModuleInterface.h(126): warning C4100: 'action': unreferenced formal parameter
     1>c:\users\belal\downloads\release-master (1)\release-master\steerlib\include\interfaces/ModuleInterface.h(126): warning C4100: 'key': unreferenced formal parameter
     1>c:\users\belal\downloads\release-master (1)\release-master\steerlib\include\interfaces/ModuleInterface.h(128): warning C4100: 'deltaY': unreferenced formal parameter
     1>c:\users\belal\downloads\release-master (1)\release-master\steerlib\include\interfaces/ModuleInterface.h(128): warning C4100: 'deltaX': unreferenced formal parameter
     1>c:\users\belal\downloads\release-master (1)\release-master\steerlib\include\interfaces/ModuleInterface.h(129): warning C4100: 'action': unreferenced formal parameter
     1>c:\users\belal\downloads\release-master (1)\release-master\steerlib\include\interfaces/ModuleInterface.h(129): warning C4100: 'button': unreferenced formal parameter
     1>c:\users\belal\downloads\release-master (1)\release-master\steerlib\include\griddatabase/GridDatabase2D.h(208): warning C4100: 'exclude1': unreferenced formal parameter
     1>c:\users\belal\downloads\release-master (1)\release-master\steerlib\include\griddatabase/GridDatabase2D.h(210): warning C4100: 'exclude1': unreferenced formal parameter
     1>c:\users\belal\downloads\release-master (1)\release-master\steerlib\include\griddatabase/GridDatabasePlanningDomain.h(71): warning C4100: 'idealGoalState': unreferenced formal parameter
     1>c:\users\belal\downloads\release-master (1)\release-master\steerlib\include\interfaces/BenchmarkTechniqueInterface.h(59): warning C4100: 'out': unreferenced formal parameter
     1>c:\users\belal\downloads\release-master (1)\release-master\steerlib\include\interfaces/BenchmarkTechniqueInterface.h(59): warning C4100: 'simulationMetrics': unreferenced formal parameter
     1>c:\users\belal\downloads\release-master (1)\release-master\steerlib\include\interfaces/BenchmarkTechniqueInterface.h(61): warning C4100: 'out': unreferenced formal parameter
     1>c:\users\belal\downloads\release-master (1)\release-master\steerlib\include\interfaces/BenchmarkTechniqueInterface.h(61): warning C4100: 'simulationMetrics': unreferenced formal parameter
     1>c:\users\belal\downloads\release-master (1)\release-master\steerlib\include\interfaces/BenchmarkTechniqueInterface.h(61): warning C4100: 'agentIndex': unreferenced formal parameter
     1>c:\users\belal\downloads\release-master (1)\release-master\steerlib\include\benchmarking/BenchmarkEnginePrivate.h(41): warning C4100: 'engineInfo': unreferenced formal parameter
     1>c:\users\belal\downloads\release-master (1)\release-master\steerlib\include\benchmarking/BenchmarkEnginePrivate.h(41): warning C4100: 'initialConditions': unreferenced formal parameter
     1>c:\users\belal\downloads\release-master (1)\release-master\steerlib\include\benchmarking/BenchmarkEnginePrivate.h(44): warning C4100: 'frameNumber': unreferenced formal parameter
     1>c:\users\belal\downloads\release-master (1)\release-master\steerlib\include\benchmarking/BenchmarkEnginePrivate.h(44): warning C4100: 'dt': unreferenced formal parameter
     1>c:\users\belal\downloads\release-master (1)\release-master\steerlib\include\benchmarking/BenchmarkEnginePrivate.h(44): warning C4100: 'timeStamp': unreferenced formal parameter
     1>c:\users\belal\downloads\release-master (1)\release-master\steerlib\include\benchmarking/BenchmarkEnginePrivate.h(63): warning C4100: 'newGoal': unreferenced formal parameter
     1>c:\users\belal\downloads\release-master (1)\release-master\steerlib\include\benchmarking/BenchmarkEnginePrivate.h(77): warning C4100: 'rangeSq': unreferenced formal parameter
     1>c:\users\belal\downloads\release-master (1)\release-master\steerlib\include\benchmarking/BenchmarkEnginePrivate.h(77): warning C4100: 'agent': unreferenced formal parameter
     1>c:\users\belal\downloads\release-master (1)\release-master\steerlib\include\benchmarking/CompositeTechnique01.h(26): warning C4100: 'engineInfo': unreferenced formal parameter
     1>c:\users\belal\downloads\release-master (1)\release-master\steerlib\include\benchmarking/CompositeTechnique01.h(26): warning C4100: 'options': unreferenced formal parameter
     1>c:\users\belal\downloads\release-master (1)\release-master\steerlib\include\benchmarking/CompositeTechnique01.h(27): warning C4100: 'dt': unreferenced formal parameter
     1>c:\users\belal\downloads\release-master (1)\release-master\steerlib\include\benchmarking/CompositeTechnique01.h(27): warning C4100: 'timeStamp': unreferenced formal parameter
     1>c:\users\belal\downloads\release-master (1)\release-master\steerlib\include\benchmarking/CompositeTechnique01.h(27): warning C4100: 'simulationMetrics': unreferenced formal parameter
     1>c:\users\belal\downloads\release-master (1)\release-master\steerlib\include\benchmarking/CompositeTechnique01.h(28): warning C4100: 'frameNumber': unreferenced formal parameter
     1>c:\users\belal\downloads\release-master (1)\release-master\steerlib\include\benchmarking/CompositeTechnique01.h(28): warning C4100: 'timePassedSinceLastFrame': unreferenced formal parameter
     1>c:\users\belal\downloads\release-master (1)\release-master\steerlib\include\benchmarking/CompositeTechnique01.h(28): warning C4100: 'currentTimeStamp': unreferenced formal parameter
     1>c:\users\belal\downloads\release-master (1)\release-master\steerlib\include\benchmarking/CompositeTechnique01.h(28): warning C4100: 'engineInterface': unreferenced formal parameter
     1>c:\users\belal\downloads\release-master (1)\release-master\steerlib\include\benchmarking/CompositeTechnique01.h(46): warning C4100: 'scores': unreferenced formal parameter
     1>c:\users\belal\downloads\release-master (1)\release-master\steerlib\include\benchmarking/CompositeTechnique01.h(46): warning C4100: 'simulationMetrics': unreferenced formal parameter
     1>c:\users\belal\downloads\release-master (1)\release-master\steerlib\include\benchmarking/CompositeTechnique01.h(46): warning C4100: 'agentIndex': unreferenced formal parameter
     1>c:\users\belal\downloads\release-master (1)\release-master\steerlib\include\benchmarking/CompositeTechnique02.h(23): warning C4100: 'engineInfo': unreferenced formal parameter
     1>c:\users\belal\downloads\release-master (1)\release-master\steerlib\include\benchmarking/CompositeTechnique02.h(23): warning C4100: 'options': unreferenced formal parameter
     1>c:\users\belal\downloads\release-master (1)\release-master\steerlib\include\benchmarking/CompositeTechnique02.h(27): warning C4100: 'dt': unreferenced formal parameter
     1>c:\users\belal\downloads\release-master (1)\release-master\steerlib\include\benchmarking/CompositeTechnique02.h(27): warning C4100: 'timeStamp': unreferenced formal parameter
     1>c:\users\belal\downloads\release-master (1)\release-master\steerlib\include\benchmarking/CompositeTechnique02.h(27): warning C4100: 'simulationMetrics': unreferenced formal parameter
     1>c:\users\belal\downloads\release-master (1)\release-master\steerlib\include\benchmarking/CompositeTechnique02.h(31): warning C4100: 'frameNumber': unreferenced formal parameter
     1>c:\users\belal\downloads\release-master (1)\release-master\steerlib\include\benchmarking/CompositeTechnique02.h(31): warning C4100: 'timePassedSinceLastFrame': unreferenced formal parameter
     1>c:\users\belal\downloads\release-master (1)\release-master\steerlib\include\benchmarking/CompositeTechnique02.h(31): warning C4100: 'currentTimeStamp': unreferenced formal parameter
     1>c:\users\belal\downloads\release-master (1)\release-master\steerlib\include\benchmarking/CompositeTechnique02.h(31): warning C4100: 'engineInterface': unreferenced formal parameter
     1>c:\users\belal\downloads\release-master (1)\release-master\steerlib\include\benchmarking/EnergyEfficiencyTechnique.h(24): warning C4100: 'engineInfo': unreferenced formal parameter
     1>c:\users\belal\downloads\release-master (1)\release-master\steerlib\include\benchmarking/EnergyEfficiencyTechnique.h(24): warning C4100: 'options': unreferenced formal parameter
     1>c:\users\belal\downloads\release-master (1)\release-master\steerlib\include\benchmarking/EnergyEfficiencyTechnique.h(26): warning C4100: 'dt': unreferenced formal parameter
     1>c:\users\belal\downloads\release-master (1)\release-master\steerlib\include\benchmarking/EnergyEfficiencyTechnique.h(26): warning C4100: 'timeStamp': unreferenced formal parameter
     1>c:\users\belal\downloads\release-master (1)\release-master\steerlib\include\benchmarking/EnergyEfficiencyTechnique.h(26): warning C4100: 'simulationMetrics': unreferenced formal parameter
     1>c:\users\belal\downloads\release-master (1)\release-master\steerlib\include\benchmarking/EnergyEfficiencyTechnique.h(29): warning C4100: 'frameNumber': unreferenced formal parameter
     1>c:\users\belal\downloads\release-master (1)\release-master\steerlib\include\benchmarking/EnergyEfficiencyTechnique.h(29): warning C4100: 'timePassedSinceLastFrame': unreferenced formal parameter
     1>c:\users\belal\downloads\release-master (1)\release-master\steerlib\include\benchmarking/EnergyEfficiencyTechnique.h(29): warning C4100: 'currentTimeStamp': unreferenced formal parameter
     1>c:\users\belal\downloads\release-master (1)\release-master\steerlib\include\benchmarking/EnergyEfficiencyTechnique.h(29): warning C4100: 'engineInterface': unreferenced formal parameter
     1>c:\users\belal\downloads\release-master (1)\release-master\steerlib\include\benchmarking/EnergyEfficiencyTechnique.h(37): warning C4100: 'scores': unreferenced formal parameter
     1>c:\users\belal\downloads\release-master (1)\release-master\steerlib\include\benchmarking/EnergyEfficiencyTechnique.h(41): warning C4100: 'scores': unreferenced formal parameter
     1>c:\users\belal\downloads\release-master (1)\release-master\steerlib\include\benchmarking/EnergyEfficiencyTechnique.h(41): warning C4100: 'simulationMetrics': unreferenced formal parameter
     1>c:\users\belal\downloads\release-master (1)\release-master\steerlib\include\benchmarking/EnergyEfficiencyTechnique.h(41): warning C4100: 'agentIndex': unreferenced formal parameter
     1>c:\users\belal\downloads\release-master (1)\release-master\steerlib\include\benchmarking/AccelerationEfficiencyTechnique.h(25): warning C4100: 'engineInfo': unreferenced formal parameter
     1>c:\users\belal\downloads\release-master (1)\release-master\steerlib\include\benchmarking/AccelerationEfficiencyTechnique.h(25): warning C4100: 'options': unreferenced formal parameter
     1>c:\users\belal\downloads\release-master (1)\release-master\steerlib\include\benchmarking/AccelerationEfficiencyTechnique.h(27): warning C4100: 'dt': unreferenced formal parameter
     1>c:\users\belal\downloads\release-master (1)\release-master\steerlib\include\benchmarking/AccelerationEfficiencyTechnique.h(27): warning C4100: 'timeStamp': unreferenced formal parameter
     1>c:\users\belal\downloads\release-master (1)\release-master\steerlib\include\benchmarking/AccelerationEfficiencyTechnique.h(27): warning C4100: 'simulationMetrics': unreferenced formal parameter
     1>c:\users\belal\downloads\release-master (1)\release-master\steerlib\include\benchmarking/AccelerationEfficiencyTechnique.h(30): warning C4100: 'frameNumber': unreferenced formal parameter
     1>c:\users\belal\downloads\release-master (1)\release-master\steerlib\include\benchmarking/AccelerationEfficiencyTechnique.h(30): warning C4100: 'timePassedSinceLastFrame': unreferenced formal parameter
     1>c:\users\belal\downloads\release-master (1)\release-master\steerlib\include\benchmarking/AccelerationEfficiencyTechnique.h(30): warning C4100: 'currentTimeStamp': unreferenced formal parameter
     1>c:\users\belal\downloads\release-master (1)\release-master\steerlib\include\benchmarking/AccelerationEfficiencyTechnique.h(30): warning C4100: 'engineInterface': unreferenced formal parameter
     1>c:\users\belal\downloads\release-master (1)\release-master\steerlib\include\benchmarking/AccelerationEfficiencyTechnique.h(60): warning C4100: 'scores': unreferenced formal parameter
     1>c:\users\belal\downloads\release-master (1)\release-master\steerlib\include\benchmarking/AccelerationEfficiencyTechnique.h(64): warning C4100: 'scores': unreferenced formal parameter
     1>c:\users\belal\downloads\release-master (1)\release-master\steerlib\include\benchmarking/AccelerationEfficiencyTechnique.h(64): warning C4100: 'simulationMetrics': unreferenced formal parameter
     1>c:\users\belal\downloads\release-master (1)\release-master\steerlib\include\benchmarking/AccelerationEfficiencyTechnique.h(64): warning C4100: 'agentIndex': unreferenced formal parameter
     1>c:\users\belal\downloads\release-master (1)\release-master\steerlib\include\benchmarking/CompositeTechniquePLE.h(23): warning C4100: 'engineInfo': unreferenced formal parameter
     1>c:\users\belal\downloads\release-master (1)\release-master\steerlib\include\benchmarking/CompositeTechniquePLE.h(23): warning C4100: 'options': unreferenced formal parameter
     1>c:\users\belal\downloads\release-master (1)\release-master\steerlib\include\benchmarking/CompositeTechniquePLE.h(27): warning C4100: 'dt': unreferenced formal parameter
     1>c:\users\belal\downloads\release-master (1)\release-master\steerlib\include\benchmarking/CompositeTechniquePLE.h(27): warning C4100: 'timeStamp': unreferenced formal parameter
     1>c:\users\belal\downloads\release-master (1)\release-master\steerlib\include\benchmarking/CompositeTechniquePLE.h(27): warning C4100: 'simulationMetrics': unreferenced formal parameter
     1>c:\users\belal\downloads\release-master (1)\release-master\steerlib\include\benchmarking/CompositeTechniquePLE.h(28): warning C4100: 'frameNumber': unreferenced formal parameter
     1>c:\users\belal\downloads\release-master (1)\release-master\steerlib\include\benchmarking/CompositeTechniquePLE.h(28): warning C4100: 'timePassedSinceLastFrame': unreferenced formal parameter
     1>c:\users\belal\downloads\release-master (1)\release-master\steerlib\include\benchmarking/CompositeTechniquePLE.h(28): warning C4100: 'currentTimeStamp': unreferenced formal parameter
     1>c:\users\belal\downloads\release-master (1)\release-master\steerlib\include\benchmarking/CompositeTechniquePLE.h(28): warning C4100: 'engineInterface': unreferenced formal parameter
     1>c:\users\belal\downloads\release-master (1)\release-master\steerlib\include\util/dmatrix.h(731): warning C4127: conditional expression is constant
     1>c:\users\belal\downloads\release-master (1)\release-master\steerlib\include\modules/DummyAIModule.h(20): warning C4100: 'engineInfo': unreferenced formal parameter
     1>c:\users\belal\downloads\release-master (1)\release-master\steerlib\include\modules/DummyAIModule.h(36): warning C4100: 'frameNumber': unreferenced formal parameter
     1>c:\users\belal\downloads\release-master (1)\release-master\steerlib\include\modules/DummyAIModule.h(36): warning C4100: 'dt': unreferenced formal parameter
     1>c:\users\belal\downloads\release-master (1)\release-master\steerlib\include\modules/DummyAIModule.h(36): warning C4100: 'timeStamp': unreferenced formal parameter
     1>c:\users\belal\downloads\release-master (1)\release-master\steerlib\include\modules/DummyAIModule.h(59): warning C4100: 'newGoal': unreferenced formal parameter
     1>c:\users\belal\downloads\release-master (1)\release-master\steerlib\include\modules/DummyAIModule.h(66): warning C4100: 'rangeSq': unreferenced formal parameter
     1>c:\users\belal\downloads\release-master (1)\release-master\steerlib\include\modules/DummyAIModule.h(66): warning C4100: 'agent': unreferenced formal parameter
     1>c:\users\belal\downloads\release-master (1)\release-master\steerlib\include\modules/DummyAIModule.h(86): warning C4100: 'engineInfo': unreferenced formal parameter
     1>c:\users\belal\downloads\release-master (1)\release-master\steerlib\include\modules/DummyAIModule.h(86): warning C4100: 'options': unreferenced formal parameter
     1>c:\users\belal\downloads\release-master (1)\release-master\steerlib\include\modules/MetricsCollectorModule.h(27): warning C4100: 'options': unreferenced formal parameter
     1>c:\users\belal\downloads\release-master (1)\release-master\steerlib\include\modules/MetricsCollectorModule.h(55): warning C4100: 'frameNumber': unreferenced formal parameter
     1>c:\users\belal\downloads\release-master (1)\release-master\steerlib\include\modules/RecFilePlayerModule.h(23): warning C4100: 'engineInfo': unreferenced formal parameter
     1>c:\users\belal\downloads\release-master (1)\release-master\steerlib\include\modules/RecFilePlayerModule.h(23): warning C4100: 'initialConditions': unreferenced formal parameter
     1>c:\users\belal\downloads\release-master (1)\release-master\steerlib\include\modules/RecFilePlayerModule.h(24): warning C4100: 'frameNumber': unreferenced formal parameter
     1>c:\users\belal\downloads\release-master (1)\release-master\steerlib\include\modules/RecFilePlayerModule.h(24): warning C4100: 'dt': unreferenced formal parameter
     1>c:\users\belal\downloads\release-master (1)\release-master\steerlib\include\modules/RecFilePlayerModule.h(24): warning C4100: 'timeStamp': unreferenced formal parameter
     1>c:\users\belal\downloads\release-master (1)\release-master\steerlib\include\modules/RecFilePlayerModule.h(36): warning C4100: 'newGoal': unreferenced formal parameter
     1>c:\users\belal\downloads\release-master (1)\release-master\steerlib\include\modules/RecFilePlayerModule.h(43): warning C4100: 'rangeSq': unreferenced formal parameter
     1>c:\users\belal\downloads\release-master (1)\release-master\steerlib\include\modules/RecFilePlayerModule.h(43): warning C4100: 'agent': unreferenced formal parameter
     1>c:\users\belal\downloads\release-master (1)\release-master\steerlib\include\modules/SteerBenchModule.h(63): warning C4100: 'frameNumber': unreferenced formal parameter
     1>c:\users\belal\downloads\release-master (1)\release-master\steerlib\include\modules/SteerBenchModule.h(63): warning C4100: 'dt': unreferenced formal parameter
     1>c:\users\belal\downloads\release-master (1)\release-master\steerlib\include\modules/SteerBenchModule.h(63): warning C4100: 'timeStamp': unreferenced formal parameter
     1>c:\users\belal\downloads\release-master (1)\release-master\steerlib\include\modules/SteerBugModule.h(25): warning C4100: 'engineInfo': unreferenced formal parameter
     1>c:\users\belal\downloads\release-master (1)\release-master\steerlib\include\modules/SteerBugModule.h(25): warning C4100: 'options': unreferenced formal parameter
     1>c:\program files (x86)\microsoft visual studio 14.0\vc\include\gl\freeglut_std.h(623): warning C4505: 'glutInit_ATEXIT_HACK': unreferenced local function has been removed
     1>c:\program files (x86)\microsoft visual studio 14.0\vc\include\gl\freeglut_std.h(625): warning C4505: 'glutCreateWindow_ATEXIT_HACK': unreferenced local function has been removed
     1>c:\program files (x86)\microsoft visual studio 14.0\vc\include\gl\freeglut_std.h(627): warning C4505: 'glutCreateMenu_ATEXIT_HACK': unreferenced local function has been removed
       Link:
         C:\Program Files (x86)\Microsoft Visual Studio 14.0\VC\bin\link.exe /ERRORREPORT:PROMPT /OUT:"..\bin\steersim.exe" /INCREMENTAL:NO /NOLOGO /LIBPATH:..\lib opengl32.lib glu32.lib kernel32.lib user32.lib gdi32.lib winspool.lib comdlg32.lib advapi32.lib shell32.lib ole32.lib oleaut32.lib uuid.lib odbc32.lib odbccp32.lib /MANIFEST /MANIFESTUAC:"level='asInvoker' uiAccess='false'" /manifest:embed /Debug /PDB:"..\bin\steersim.pdb" /SUBSYSTEM:CONSOLE /OPT:REF /OPT:ICF /TLBID:1 /ENTRY:"mainCRTStartup" /DYNAMICBASE /NXCOMPAT /IMPLIB:"..\bin\steersim.lib" /MACHINE:X86 /SAFESEH obj\Release\steersim\Main.obj
         "C:\Users\Belal\Downloads\Release-master (1)\Release-master\build\bin\steerlib.lib"
         "C:\Users\Belal\Downloads\Release-master (1)\Release-master\build\bin\steersimlib.lib"
         "C:\Users\Belal\Downloads\Release-master (1)\Release-master\build\bin\util.lib"
         "C:\Users\Belal\Downloads\Release-master (1)\Release-master\build\bin\glfw.lib"
            Creating library ..\bin\steersim.lib and object ..\bin\steersim.exp
         steersim.vcxproj -> C:\Users\Belal\Downloads\Release-master (1)\Release-master\build\vs2012\..\bin\steersim.exe
     1>Done Building Project "C:\Users\Belal\Downloads\Release-master (1)\Release-master\build\vs2012\steersim.vcxproj" (Build target(s)).

Build succeeded.

Time Elapsed 00:00:27.26
