Build started 6/2/2016 1:10:52 AM.
     1>Project "C:\Users\Belal\Downloads\Release-master (1)\Release-master\build\vs2012\DebugUtils.vcxproj" on node 3 (Build target(s)).
     1>ClCompile:
         C:\Program Files (x86)\Microsoft Visual Studio 14.0\VC\bin\CL.exe /c /I"C:\Users\Belal\Downloads\Release-master (1)\Release-master\build\vs2012\packages\freeglut.2.8.1.15\build\native\../..//build/native/include/" /I..\..\navmeshBuilder\include /I..\..\external\recastnavigation\DebugUtils\Include /I..\..\external\recastnavigation\Detour\Include /I..\..\external\recastnavigation\Recast\Include /I..\..\external\recastnavigation\DetourTileCache\Include /I..\..\util\include /ZI /nologo /W4 /WX- /Od /Oy- /D HAS_FREEGLUT /D ENABLE_GUI /D ENABLE_GLFW /D DEBUG /D WIN32 /D _WINDOWS /D _MBCS /Gm /EHsc /RTCc /RTC1 /MDd /GS /Gy /fp:precise /Zc:wchar_t /Zc:forScope /Zc:inline /Fo"obj\Debug\DebugUtils\\" /Fd"..\bin\DebugUtils.pdb" /Gd /TP /analyze- /errorReport:prompt -std=c++0x -ggdb -fPIC ..\..\external\recastnavigation\DebugUtils\Source\DebugDraw.cpp ..\..\external\recastnavigation\DebugUtils\Source\DetourDebugDraw.cpp ..\..\external\recastnavigation\DebugUtils\Source\RecastDebugDraw.cpp ..\..\external\recastnavigation\DebugUtils\Source\RecastDump.cpp
     1>cl : Command line warning D9002: ignoring unknown option '-std=c++0x'
     1>cl : Command line warning D9002: ignoring unknown option '-ggdb'
     1>cl : Command line warning D9002: ignoring unknown option '-fPIC'
         RecastDump.cpp
         RecastDebugDraw.cpp
         DetourDebugDraw.cpp
         DebugDraw.cpp
         Generating Code...
       Lib:
         C:\Program Files (x86)\Microsoft Visual Studio 14.0\VC\bin\Lib.exe /OUT:"..\bin\DebugUtils.lib" /NOLOGO obj\Debug\DebugUtils\DebugDraw.obj
         obj\Debug\DebugUtils\DetourDebugDraw.obj
         obj\Debug\DebugUtils\RecastDebugDraw.obj
         obj\Debug\DebugUtils\RecastDump.obj
         DebugUtils.vcxproj -> C:\Users\Belal\Downloads\Release-master (1)\Release-master\build\vs2012\..\bin\DebugUtils.lib
     1>Done Building Project "C:\Users\Belal\Downloads\Release-master (1)\Release-master\build\vs2012\DebugUtils.vcxproj" (Build target(s)).

Build succeeded.

Time Elapsed 00:00:07.13
