Build started 6/2/2016 11:45:34 AM.
     1>Project "C:\Users\Belal\Downloads\Release-master (1)\Release-master\build\vs2012\DebugUtils.vcxproj" on node 2 (Build target(s)).
     1>ClCompile:
         C:\Program Files (x86)\Microsoft Visual Studio 14.0\VC\bin\CL.exe /c /I"C:\Users\Belal\Downloads\Release-master (1)\Release-master\build\vs2012\packages\glfw.3.1.2\build\native\../..//build/native/include/" /I"C:\Users\Belal\Downloads\Release-master (1)\Release-master\build\vs2012\packages\glm.0.9.7.1\build\native\../..//build/native/include/" /I..\..\navmeshBuilder\include /I..\..\external\recastnavigation\DebugUtils\Include /I..\..\external\recastnavigation\Detour\Include /I..\..\external\recastnavigation\Recast\Include /I..\..\external\recastnavigation\DetourTileCache\Include /I..\..\util\include /Zi /nologo /W4 /WX- /Ox /Oy- /D GLFW_DLL /D HAS_GLFW /D ENABLE_GUI /D ENABLE_GLFW /D NDEBUG /D WIN32 /D _WINDOWS /D _MBCS /GF /Gm- /EHsc /MD /GS /Gy /fp:precise /Zc:wchar_t /Zc:forScope /Zc:inline /Fo"obj\Release\DebugUtils\\" /Fd"..\bin\DebugUtils.pdb" /Gd /TP /analyze- /errorReport:prompt -std=c++0x -ggdb -fPIC ..\..\external\recastnavigation\DebugUtils\Source\DebugDraw.cpp ..\..\external\recastnavigation\DebugUtils\Source\DetourDebugDraw.cpp ..\..\external\recastnavigation\DebugUtils\Source\RecastDebugDraw.cpp ..\..\external\recastnavigation\DebugUtils\Source\RecastDump.cpp
     1>cl : Command line warning D9002: ignoring unknown option '-std=c++0x'
     1>cl : Command line warning D9002: ignoring unknown option '-ggdb'
     1>cl : Command line warning D9002: ignoring unknown option '-fPIC'
         DebugDraw.cpp
         DetourDebugDraw.cpp
         RecastDebugDraw.cpp
         RecastDump.cpp
         Generating Code...
       Lib:
         C:\Program Files (x86)\Microsoft Visual Studio 14.0\VC\bin\Lib.exe /OUT:"..\bin\DebugUtils.lib" /NOLOGO obj\Release\DebugUtils\DebugDraw.obj
         obj\Release\DebugUtils\DetourDebugDraw.obj
         obj\Release\DebugUtils\RecastDebugDraw.obj
         obj\Release\DebugUtils\RecastDump.obj
         DebugUtils.vcxproj -> C:\Users\Belal\Downloads\Release-master (1)\Release-master\build\vs2012\..\bin\DebugUtils.lib
     1>Done Building Project "C:\Users\Belal\Downloads\Release-master (1)\Release-master\build\vs2012\DebugUtils.vcxproj" (Build target(s)).

Build succeeded.

Time Elapsed 00:00:02.19
