Build started 6/2/2016 1:36:33 AM.
     1>Project "C:\Users\Belal\Downloads\Release-master (1)\Release-master\build\vs2012\Detour.vcxproj" on node 2 (Build target(s)).
     1>ClCompile:
         C:\Program Files (x86)\Microsoft Visual Studio 14.0\VC\bin\CL.exe /c /I..\..\navmeshBuilder\include /I..\..\external\recastnavigation\DebugUtils\Include /I..\..\external\recastnavigation\Detour\Include /I..\..\external\recastnavigation\Recast\Include /I..\..\external\recastnavigation\DetourTileCache\Include /I..\..\util\include /Zi /nologo /W4 /WX- /Ox /Oy- /D ENABLE_GUI /D ENABLE_GLFW /D NDEBUG /D WIN32 /D _WINDOWS /D _MBCS /GF /Gm- /EHsc /MD /GS /Gy /fp:precise /Zc:wchar_t /Zc:forScope /Zc:inline /Fo"obj\Release\Detour\\" /Fd"..\bin\Detour.pdb" /Gd /TP /analyze- /errorReport:prompt -std=c++0x -ggdb -fPIC ..\..\external\recastnavigation\Detour\Source\DetourAlloc.cpp ..\..\external\recastnavigation\Detour\Source\DetourCommon.cpp ..\..\external\recastnavigation\Detour\Source\DetourNavMesh.cpp ..\..\external\recastnavigation\Detour\Source\DetourNavMeshBuilder.cpp ..\..\external\recastnavigation\Detour\Source\DetourNavMeshQuery.cpp ..\..\external\recastnavigation\Detour\Source\DetourNode.cpp
     1>cl : Command line warning D9002: ignoring unknown option '-std=c++0x'
     1>cl : Command line warning D9002: ignoring unknown option '-ggdb'
     1>cl : Command line warning D9002: ignoring unknown option '-fPIC'
         DetourAlloc.cpp
         DetourCommon.cpp
         DetourNavMesh.cpp
         DetourNavMeshBuilder.cpp
         DetourNavMeshQuery.cpp
         DetourNode.cpp
         Generating Code...
       Lib:
         C:\Program Files (x86)\Microsoft Visual Studio 14.0\VC\bin\Lib.exe /OUT:"..\bin\Detour.lib" /NOLOGO obj\Release\Detour\DetourAlloc.obj
         obj\Release\Detour\DetourCommon.obj
         obj\Release\Detour\DetourNavMesh.obj
         obj\Release\Detour\DetourNavMeshBuilder.obj
         obj\Release\Detour\DetourNavMeshQuery.obj
         obj\Release\Detour\DetourNode.obj
         Detour.vcxproj -> C:\Users\Belal\Downloads\Release-master (1)\Release-master\build\vs2012\..\bin\Detour.lib
     1>Done Building Project "C:\Users\Belal\Downloads\Release-master (1)\Release-master\build\vs2012\Detour.vcxproj" (Build target(s)).

Build succeeded.

Time Elapsed 00:00:07.00
