Build started 6/2/2016 1:20:04 AM.
     1>Project "C:\Users\Belal\Downloads\Release-master (1)\Release-master\build\vs2012\util.vcxproj" on node 2 (Build target(s)).
     1>ClCompile:
         C:\Program Files (x86)\Microsoft Visual Studio 14.0\VC\bin\CL.exe /c /I..\..\util\include /Zi /nologo /W4 /WX- /Ox /Oy- /D ENABLE_GUI /D ENABLE_GLFW /D NDEBUG /D WIN32 /D _WINDOWS /D _WINDLL /D _MBCS /GF /Gm- /EHsc /MD /GS /Gy /fp:precise /Zc:wchar_t /Zc:forScope /Zc:inline /Fo"obj\Release\util\\" /Fd"..\bin\util.pdb" /Gd /TP /analyze- /errorReport:prompt ..\..\util\src\AStarLite.cpp ..\..\util\src\AStarLiteClose.cpp ..\..\util\src\AStarLiteNode.cpp ..\..\util\src\AStarLiteOpen.cpp ..\..\util\src\LogData.cpp ..\..\util\src\Logger.cpp ..\..\util\src\LogManager.cpp ..\..\util\src\LogObject.cpp
         AStarLite.cpp
     1>C:\Users\Belal\Downloads\Release-master (1)\Release-master\util\include\astar/AStarLite.h(34): warning C4251: 'AStarLite::m_path': class 'std::vector<int,std::allocator<_Ty>>' needs to have dll-interface to be used by clients of class 'AStarLite'
                 with
                 [
                     _Ty=int
                 ]
         AStarLiteClose.cpp
     1>..\..\util\src\AStarLiteClose.cpp(85): warning C4127: conditional expression is constant
         AStarLiteNode.cpp
         AStarLiteOpen.cpp
         LogData.cpp
     1>c:\users\belal\downloads\release-master (1)\release-master\util\include\LogObject.h(24): warning C4251: 'DataItem::string': class 'std::basic_string<char,std::char_traits<char>,std::allocator<char>>' needs to have dll-interface to be used by clients of struct 'DataItem'
     1>c:\users\belal\downloads\release-master (1)\release-master\util\include\LogObject.h(96): warning C4251: 'LogObject::_record': class 'std::vector<DataItem,std::allocator<_Ty>>' needs to have dll-interface to be used by clients of class 'LogObject'
                 with
                 [
                     _Ty=DataItem
                 ]
     1>c:\users\belal\downloads\release-master (1)\release-master\util\include\Logger.h(65): warning C4251: 'Logger::_fileStream': class 'std::basic_fstream<char,std::char_traits<char>>' needs to have dll-interface to be used by clients of class 'Logger'
     1>c:\users\belal\downloads\release-master (1)\release-master\util\include\Logger.h(66): warning C4251: 'Logger::_fileName': class 'std::basic_string<char,std::char_traits<char>,std::allocator<char>>' needs to have dll-interface to be used by clients of class 'Logger'
     1>c:\users\belal\downloads\release-master (1)\release-master\util\include\Logger.h(69): warning C4251: 'Logger::_fieldNames': class 'std::vector<std::string,std::allocator<_Ty>>' needs to have dll-interface to be used by clients of class 'Logger'
                 with
                 [
                     _Ty=std::string
                 ]
     1>c:\users\belal\downloads\release-master (1)\release-master\util\include\Logger.h(70): warning C4251: 'Logger::_dataTypes': class 'std::vector<DataType,std::allocator<_Ty>>' needs to have dll-interface to be used by clients of class 'Logger'
                 with
                 [
                     _Ty=DataType
                 ]
     1>C:\Users\Belal\Downloads\Release-master (1)\Release-master\util\include\LogData.h(34): warning C4251: 'LogData::logData': class 'std::vector<LogObject *,std::allocator<_Ty>>' needs to have dll-interface to be used by clients of class 'LogData'
                 with
                 [
                     _Ty=LogObject *
                 ]
     1>..\..\util\src\LogData.cpp(33): warning C4458: declaration of 'log' hides class member
         C:\Users\Belal\Downloads\Release-master (1)\Release-master\util\include\LogData.h(33): note: see declaration of 'LogData::log'
     1>..\..\util\src\LogData.cpp(41): warning C4458: declaration of 'logData' hides class member
         C:\Users\Belal\Downloads\Release-master (1)\Release-master\util\include\LogData.h(34): note: see declaration of 'LogData::logData'
         Logger.cpp
     1>c:\users\belal\downloads\release-master (1)\release-master\util\include\LogObject.h(24): warning C4251: 'DataItem::string': class 'std::basic_string<char,std::char_traits<char>,std::allocator<char>>' needs to have dll-interface to be used by clients of struct 'DataItem'
     1>c:\users\belal\downloads\release-master (1)\release-master\util\include\LogObject.h(96): warning C4251: 'LogObject::_record': class 'std::vector<DataItem,std::allocator<_Ty>>' needs to have dll-interface to be used by clients of class 'LogObject'
                 with
                 [
                     _Ty=DataItem
                 ]
     1>C:\Users\Belal\Downloads\Release-master (1)\Release-master\util\include\Logger.h(65): warning C4251: 'Logger::_fileStream': class 'std::basic_fstream<char,std::char_traits<char>>' needs to have dll-interface to be used by clients of class 'Logger'
     1>C:\Users\Belal\Downloads\Release-master (1)\Release-master\util\include\Logger.h(66): warning C4251: 'Logger::_fileName': class 'std::basic_string<char,std::char_traits<char>,std::allocator<char>>' needs to have dll-interface to be used by clients of class 'Logger'
     1>C:\Users\Belal\Downloads\Release-master (1)\Release-master\util\include\Logger.h(69): warning C4251: 'Logger::_fieldNames': class 'std::vector<std::string,std::allocator<_Ty>>' needs to have dll-interface to be used by clients of class 'Logger'
                 with
                 [
                     _Ty=std::string
                 ]
     1>C:\Users\Belal\Downloads\Release-master (1)\Release-master\util\include\Logger.h(70): warning C4251: 'Logger::_dataTypes': class 'std::vector<DataType,std::allocator<_Ty>>' needs to have dll-interface to be used by clients of class 'Logger'
                 with
                 [
                     _Ty=DataType
                 ]
         LogManager.cpp
     1>c:\users\belal\downloads\release-master (1)\release-master\util\include\LogObject.h(24): warning C4251: 'DataItem::string': class 'std::basic_string<char,std::char_traits<char>,std::allocator<char>>' needs to have dll-interface to be used by clients of struct 'DataItem'
     1>c:\users\belal\downloads\release-master (1)\release-master\util\include\LogObject.h(96): warning C4251: 'LogObject::_record': class 'std::vector<DataItem,std::allocator<_Ty>>' needs to have dll-interface to be used by clients of class 'LogObject'
                 with
                 [
                     _Ty=DataItem
                 ]
     1>c:\users\belal\downloads\release-master (1)\release-master\util\include\Logger.h(65): warning C4251: 'Logger::_fileStream': class 'std::basic_fstream<char,std::char_traits<char>>' needs to have dll-interface to be used by clients of class 'Logger'
     1>c:\users\belal\downloads\release-master (1)\release-master\util\include\Logger.h(66): warning C4251: 'Logger::_fileName': class 'std::basic_string<char,std::char_traits<char>,std::allocator<char>>' needs to have dll-interface to be used by clients of class 'Logger'
     1>c:\users\belal\downloads\release-master (1)\release-master\util\include\Logger.h(69): warning C4251: 'Logger::_fieldNames': class 'std::vector<std::string,std::allocator<_Ty>>' needs to have dll-interface to be used by clients of class 'Logger'
                 with
                 [
                     _Ty=std::string
                 ]
     1>c:\users\belal\downloads\release-master (1)\release-master\util\include\Logger.h(70): warning C4251: 'Logger::_dataTypes': class 'std::vector<DataType,std::allocator<_Ty>>' needs to have dll-interface to be used by clients of class 'Logger'
                 with
                 [
                     _Ty=DataType
                 ]
     1>C:\Users\Belal\Downloads\Release-master (1)\Release-master\util\include\LogManager.h(36): warning C4251: 'LogManager::_loggers': class 'std::map<std::string,Logger *,std::less<_Kty>,std::allocator<std::pair<const _Kty,_Ty>>>' needs to have dll-interface to be used by clients of class 'LogManager'
                 with
                 [
                     _Kty=std::string,
                     _Ty=Logger *
                 ]
         LogObject.cpp
     1>C:\Users\Belal\Downloads\Release-master (1)\Release-master\util\include\LogObject.h(24): warning C4251: 'DataItem::string': class 'std::basic_string<char,std::char_traits<char>,std::allocator<char>>' needs to have dll-interface to be used by clients of struct 'DataItem'
     1>C:\Users\Belal\Downloads\Release-master (1)\Release-master\util\include\LogObject.h(96): warning C4251: 'LogObject::_record': class 'std::vector<DataItem,std::allocator<_Ty>>' needs to have dll-interface to be used by clients of class 'LogObject'
                 with
                 [
                     _Ty=DataItem
                 ]
     1>C:\Users\Belal\Downloads\Release-master (1)\Release-master\util\include\LogObject.h(55): warning C4244: '=': conversion from 'int' to 'float', possible loss of data
         ..\..\util\src\LogObject.cpp(35): note: see reference to function template instantiation 'void LogObject::addLogData<int>(T)' being compiled
                 with
                 [
                     T=int
                 ]
     1>C:\Users\Belal\Downloads\Release-master (1)\Release-master\util\include\LogObject.h(65): warning C4244: 'argument': conversion from 'int' to 'char', possible loss of data
     1>C:\Users\Belal\Downloads\Release-master (1)\Release-master\util\include\LogObject.h(47): warning C4244: '=': conversion from 'float' to 'int', possible loss of data
         ..\..\util\src\LogObject.cpp(61): note: see reference to function template instantiation 'void LogObject::addLogData<float>(T)' being compiled
                 with
                 [
                     T=float
                 ]
     1>C:\Users\Belal\Downloads\Release-master (1)\Release-master\util\include\LogObject.h(60): warning C4244: '=': conversion from 'float' to '__int64', possible loss of data
     1>C:\Users\Belal\Downloads\Release-master (1)\Release-master\util\include\LogObject.h(65): warning C4244: 'argument': conversion from 'float' to 'char', possible loss of data
         Generating Code...
     1>c:\users\belal\downloads\release-master (1)\release-master\util\src\logger.cpp(273): warning C4701: potentially uninitialized local variable 'dataType' used
       Link:
         C:\Program Files (x86)\Microsoft Visual Studio 14.0\VC\bin\link.exe /ERRORREPORT:PROMPT /OUT:"..\bin\util.dll" /INCREMENTAL:NO /NOLOGO /LIBPATH:..\lib kernel32.lib user32.lib gdi32.lib winspool.lib comdlg32.lib advapi32.lib shell32.lib ole32.lib oleaut32.lib uuid.lib odbc32.lib odbccp32.lib /MANIFEST /MANIFESTUAC:"level='asInvoker' uiAccess='false'" /manifest:embed /Debug /PDB:"..\bin\util.pdb" /SUBSYSTEM:WINDOWS /OPT:REF /OPT:ICF /TLBID:1 /DYNAMICBASE /NXCOMPAT /IMPLIB:"..\bin\util.lib" /MACHINE:X86 /SAFESEH /DLL obj\Release\util\AStarLite.obj
         obj\Release\util\AStarLiteClose.obj
         obj\Release\util\AStarLiteNode.obj
         obj\Release\util\AStarLiteOpen.obj
         obj\Release\util\LogData.obj
         obj\Release\util\Logger.obj
         obj\Release\util\LogManager.obj
         obj\Release\util\LogObject.obj
            Creating library ..\bin\util.lib and object ..\bin\util.exp
         util.vcxproj -> C:\Users\Belal\Downloads\Release-master (1)\Release-master\build\vs2012\..\bin\util.dll
     1>Done Building Project "C:\Users\Belal\Downloads\Release-master (1)\Release-master\build\vs2012\util.vcxproj" (Build target(s)).

Build succeeded.

Time Elapsed 00:00:10.35
